/Library/Ruby/Gems/1.8/gems/bundler-1.2.1/lib/bundler/dsl.rb:12:in `rescue in evaluate': There was an error in your Gemfile, and Bundler cannot continue. (Bundler::GemfileError)
	from /Library/Ruby/Gems/1.8/gems/bundler-1.2.1/lib/bundler/dsl.rb:6:in `evaluate'
	from /Library/Ruby/Gems/1.8/gems/bundler-1.2.1/lib/bundler/definition.rb:18:in `build'
	from /Library/Ruby/Gems/1.8/gems/bundler-1.2.1/lib/bundler.rb:144:in `definition'
	from /Library/Ruby/Gems/1.8/gems/bundler-1.2.1/lib/bundler.rb:112:in `setup'
	from /Library/Ruby/Gems/1.8/gems/bundler-1.2.1/lib/bundler/setup.rb:17:in `<top (required)>'
	from /System/Library/Frameworks/Ruby.framework/Versions/2.0/usr/lib/ruby/2.0.0/rubygems/core_ext/kernel_require.rb:55:in `require'
	from /System/Library/Frameworks/Ruby.framework/Versions/2.0/usr/lib/ruby/2.0.0/rubygems/core_ext/kernel_require.rb:55:in `require'
/Library/Ruby/Gems/1.8/gems/bundler-1.2.1/lib/bundler/dsl.rb:12:in `rescue in evaluate': There was an error in your Gemfile, and Bundler cannot continue. (Bundler::GemfileError)
	from /Library/Ruby/Gems/1.8/gems/bundler-1.2.1/lib/bundler/dsl.rb:6:in `evaluate'
	from /Library/Ruby/Gems/1.8/gems/bundler-1.2.1/lib/bundler/definition.rb:18:in `build'
	from /Library/Ruby/Gems/1.8/gems/bundler-1.2.1/lib/bundler.rb:144:in `definition'
	from /Library/Ruby/Gems/1.8/gems/bundler-1.2.1/lib/bundler.rb:112:in `setup'
	from /Library/Ruby/Gems/1.8/gems/bundler-1.2.1/lib/bundler/setup.rb:17:in `<top (required)>'
	from /System/Library/Frameworks/Ruby.framework/Versions/2.0/usr/lib/ruby/2.0.0/rubygems/core_ext/kernel_require.rb:55:in `require'
	from /System/Library/Frameworks/Ruby.framework/Versions/2.0/usr/lib/ruby/2.0.0/rubygems/core_ext/kernel_require.rb:55:in `require'
/Library/Ruby/Gems/1.8/gems/bundler-1.2.1/lib/bundler/dsl.rb:12:in `rescue in evaluate': There was an error in your Gemfile, and Bundler cannot continue. (Bundler::GemfileError)
	from /Library/Ruby/Gems/1.8/gems/bundler-1.2.1/lib/bundler/dsl.rb:6:in `evaluate'
	from /Library/Ruby/Gems/1.8/gems/bundler-1.2.1/lib/bundler/definition.rb:18:in `build'
	from /Library/Ruby/Gems/1.8/gems/bundler-1.2.1/lib/bundler.rb:144:in `definition'
	from /Library/Ruby/Gems/1.8/gems/bundler-1.2.1/lib/bundler.rb:112:in `setup'
	from /Library/Ruby/Gems/1.8/gems/bundler-1.2.1/lib/bundler/setup.rb:17:in `<top (required)>'
	from /System/Library/Frameworks/Ruby.framework/Versions/2.0/usr/lib/ruby/2.0.0/rubygems/core_ext/kernel_require.rb:55:in `require'
	from /System/Library/Frameworks/Ruby.framework/Versions/2.0/usr/lib/ruby/2.0.0/rubygems/core_ext/kernel_require.rb:55:in `require'
/Library/Ruby/Gems/1.8/gems/bundler-1.2.1/lib/bundler/dsl.rb:12:in `rescue in evaluate': There was an error in your Gemfile, and Bundler cannot continue. (Bundler::GemfileError)
	from /Library/Ruby/Gems/1.8/gems/bundler-1.2.1/lib/bundler/dsl.rb:6:in `evaluate'
	from /Library/Ruby/Gems/1.8/gems/bundler-1.2.1/lib/bundler/definition.rb:18:in `build'
	from /Library/Ruby/Gems/1.8/gems/bundler-1.2.1/lib/bundler.rb:144:in `definition'
	from /Library/Ruby/Gems/1.8/gems/bundler-1.2.1/lib/bundler.rb:112:in `setup'
	from /Library/Ruby/Gems/1.8/gems/bundler-1.2.1/lib/bundler/setup.rb:17:in `<top (required)>'
	from /System/Library/Frameworks/Ruby.framework/Versions/2.0/usr/lib/ruby/2.0.0/rubygems/core_ext/kernel_require.rb:55:in `require'
	from /System/Library/Frameworks/Ruby.framework/Versions/2.0/usr/lib/ruby/2.0.0/rubygems/core_ext/kernel_require.rb:55:in `require'
/Users/richardking/.rvm/gems/ruby-2.1.1@global/gems/bundler-1.6.1/lib/bundler/spec_set.rb:92:in `block in materialize': Could not find json-1.8.1 in any of the sources (Bundler::GemNotFound)
	from /Users/richardking/.rvm/gems/ruby-2.1.1@global/gems/bundler-1.6.1/lib/bundler/spec_set.rb:85:in `map!'
	from /Users/richardking/.rvm/gems/ruby-2.1.1@global/gems/bundler-1.6.1/lib/bundler/spec_set.rb:85:in `materialize'
	from /Users/richardking/.rvm/gems/ruby-2.1.1@global/gems/bundler-1.6.1/lib/bundler/definition.rb:133:in `specs'
	from /Users/richardking/.rvm/gems/ruby-2.1.1@global/gems/bundler-1.6.1/lib/bundler/definition.rb:178:in `specs_for'
	from /Users/richardking/.rvm/gems/ruby-2.1.1@global/gems/bundler-1.6.1/lib/bundler/definition.rb:167:in `requested_specs'
	from /Users/richardking/.rvm/gems/ruby-2.1.1@global/gems/bundler-1.6.1/lib/bundler/environment.rb:18:in `requested_specs'
	from /Users/richardking/.rvm/gems/ruby-2.1.1@global/gems/bundler-1.6.1/lib/bundler/runtime.rb:13:in `setup'
	from /Users/richardking/.rvm/gems/ruby-2.1.1@global/gems/bundler-1.6.1/lib/bundler.rb:120:in `setup'
	from /Users/richardking/.rvm/gems/ruby-2.1.1@global/gems/bundler-1.6.1/lib/bundler/setup.rb:17:in `<top (required)>'
	from /System/Library/Frameworks/Ruby.framework/Versions/2.0/usr/lib/ruby/2.0.0/rubygems/core_ext/kernel_require.rb:55:in `require'
	from /System/Library/Frameworks/Ruby.framework/Versions/2.0/usr/lib/ruby/2.0.0/rubygems/core_ext/kernel_require.rb:55:in `require'
/Library/Ruby/Gems/1.8/gems/bundler-1.2.1/lib/bundler/dsl.rb:12:in `rescue in evaluate': There was an error in your Gemfile, and Bundler cannot continue. (Bundler::GemfileError)
	from /Library/Ruby/Gems/1.8/gems/bundler-1.2.1/lib/bundler/dsl.rb:6:in `evaluate'
	from /Library/Ruby/Gems/1.8/gems/bundler-1.2.1/lib/bundler/definition.rb:18:in `build'
	from /Library/Ruby/Gems/1.8/gems/bundler-1.2.1/lib/bundler.rb:144:in `definition'
	from /Library/Ruby/Gems/1.8/gems/bundler-1.2.1/lib/bundler.rb:112:in `setup'
	from /Library/Ruby/Gems/1.8/gems/bundler-1.2.1/lib/bundler/setup.rb:17:in `<top (required)>'
	from /System/Library/Frameworks/Ruby.framework/Versions/2.0/usr/lib/ruby/2.0.0/rubygems/core_ext/kernel_require.rb:55:in `require'
	from /System/Library/Frameworks/Ruby.framework/Versions/2.0/usr/lib/ruby/2.0.0/rubygems/core_ext/kernel_require.rb:55:in `require'
{"timestamp"=>"2014-06-09T01:45:00.379Z", "sportName"=>"Soccer", "competitionName"=>"WorldChampionshipXZ", "seasonId"=>"WorldChampionshipXZ_2014", "category"=>[{"categoryId"=>"ccb3c550-8bdb-435f-9f4e-8c125f7298b9", "categoryName"=>"International", "countryCode"=>"XZ", "country"=>"International", "tournamentGroup"=>[{"groupId"=>"ea97fe54-4712-4bd7-b643-8409887f9f61", "groupName"=>"World Championship", "tournament"=>[{"tournamentId"=>"43462e5c-730c-4353-803f-e3b2255ac38f", "tournamentName"=>"World Cup, Group A", "teams"=>[{"teamId"=>"8b2154a5-d837-451b-a7f1-8cf06cfaa2ff", "name"=>"Brazil", "overall"=>[{"gamesPlayed"=>"0", "wins"=>"0", "losses"=>"0", "draw"=>"0", "points"=>"0", "wpct"=>"NaN", "goalsfor"=>"0", "goalsagainst"=>"0", "goalsdiff"=>"0", "rank"=>"1", "change"=>"0"}]}, {"teamId"=>"9947cfb1-6a86-4f8f-9330-9b21af2553ff", "name"=>"Cameroon", "overall"=>[{"gamesPlayed"=>"0", "wins"=>"0", "losses"=>"0", "draw"=>"0", "points"=>"0", "wpct"=>"NaN", "goalsfor"=>"0", "goalsagainst"=>"0", "goalsdiff"=>"0", "rank"=>"1", "change"=>"0"}]}, {"teamId"=>"4305ef43-d8e4-401b-916f-9a32cbcc9ade", "name"=>"Croatia", "overall"=>[{"gamesPlayed"=>"0", "wins"=>"0", "losses"=>"0", "draw"=>"0", "points"=>"0", "wpct"=>"NaN", "goalsfor"=>"0", "goalsagainst"=>"0", "goalsdiff"=>"0", "rank"=>"1", "change"=>"0"}]}, {"teamId"=>"0d6a26e4-3afa-49d7-bc95-61536650fbdd", "name"=>"Mexico", "overall"=>[{"gamesPlayed"=>"0", "wins"=>"0", "losses"=>"0", "draw"=>"0", "points"=>"0", "wpct"=>"NaN", "goalsfor"=>"0", "goalsagainst"=>"0", "goalsdiff"=>"0", "rank"=>"1", "change"=>"0"}]}]}, {"tournamentId"=>"ec3d8d28-a8f8-43bd-9dab-ddbf50089b99", "tournamentName"=>"World Cup, Group B", "teams"=>[{"teamId"=>"1db0a670-8394-49f4-9049-d0ef1dfdce12", "name"=>"Australia", "overall"=>[{"gamesPlayed"=>"0", "wins"=>"0", "losses"=>"0", "draw"=>"0", "points"=>"0", "wpct"=>"NaN", "goalsfor"=>"0", "goalsagainst"=>"0", "goalsdiff"=>"0", "rank"=>"1", "change"=>"0"}]}, {"teamId"=>"32bd8a9f-9334-41c2-81b1-7ccbe15356f0", "name"=>"Chile", "overall"=>[{"gamesPlayed"=>"0", "wins"=>"0", "losses"=>"0", "draw"=>"0", "points"=>"0", "wpct"=>"NaN", "goalsfor"=>"0", "goalsagainst"=>"0", "goalsdiff"=>"0", "rank"=>"1", "change"=>"0"}]}, {"teamId"=>"ba9f498e-de99-4d04-9d58-8cbf633bcdd6", "name"=>"Netherlands", "overall"=>[{"gamesPlayed"=>"0", "wins"=>"0", "losses"=>"0", "draw"=>"0", "points"=>"0", "wpct"=>"NaN", "goalsfor"=>"0", "goalsagainst"=>"0", "goalsdiff"=>"0", "rank"=>"1", "change"=>"0"}]}, {"teamId"=>"7ed29820-2a75-4440-a7ab-3fb004887f44", "name"=>"Spain", "overall"=>[{"gamesPlayed"=>"0", "wins"=>"0", "losses"=>"0", "draw"=>"0", "points"=>"0", "wpct"=>"NaN", "goalsfor"=>"0", "goalsagainst"=>"0", "goalsdiff"=>"0", "rank"=>"1", "change"=>"0"}]}]}, {"tournamentId"=>"17cca73b-821e-4e49-9878-2afbec69e087", "tournamentName"=>"World Cup, Group C", "teams"=>[{"teamId"=>"42fafe63-cc2f-40c2-a196-b5cc6dbdfa87", "name"=>"Colombia", "overall"=>[{"gamesPlayed"=>"0", "wins"=>"0", "losses"=>"0", "draw"=>"0", "points"=>"0", "wpct"=>"NaN", "goalsfor"=>"0", "goalsagainst"=>"0", "goalsdiff"=>"0", "rank"=>"1", "change"=>"0"}]}, {"teamId"=>"56915cf9-6045-49c9-aba1-4e7691f23cce", "name"=>"Greece", "overall"=>[{"gamesPlayed"=>"0", "wins"=>"0", "losses"=>"0", "draw"=>"0", "points"=>"0", "wpct"=>"NaN", "goalsfor"=>"0", "goalsagainst"=>"0", "goalsdiff"=>"0", "rank"=>"1", "change"=>"0"}]}, {"teamId"=>"0bca6ba8-1ff0-411c-90e6-203b0d38ab96", "name"=>"Ivory Coast", "overall"=>[{"gamesPlayed"=>"0", "wins"=>"0", "losses"=>"0", "draw"=>"0", "points"=>"0", "wpct"=>"NaN", "goalsfor"=>"0", "goalsagainst"=>"0", "goalsdiff"=>"0", "rank"=>"1", "change"=>"0"}]}, {"teamId"=>"d7a081db-1427-4144-ae22-94e8d24b1139", "name"=>"Japan", "overall"=>[{"gamesPlayed"=>"0", "wins"=>"0", "losses"=>"0", "draw"=>"0", "points"=>"0", "wpct"=>"NaN", "goalsfor"=>"0", "goalsagainst"=>"0", "goalsdiff"=>"0", "rank"=>"1", "change"=>"0"}]}]}, {"tournamentId"=>"faa645e0-2fb7-4c7f-8ce3-1f419368844d", "tournamentName"=>"World Cup, Group D", "teams"=>[{"teamId"=>"9a48caf7-0a32-4742-89c5-1d7af11bfffb", "name"=>"Costa Rica", "overall"=>[{"gamesPlayed"=>"0", "wins"=>"0", "losses"=>"0", "draw"=>"0", "points"=>"0", "wpct"=>"NaN", "goalsfor"=>"0", "goalsagainst"=>"0", "goalsdiff"=>"0", "rank"=>"1", "change"=>"0"}]}, {"teamId"=>"c655b728-adf8-4a6b-a091-f36765d518b3", "name"=>"England", "overall"=>[{"gamesPlayed"=>"0", "wins"=>"0", "losses"=>"0", "draw"=>"0", "points"=>"0", "wpct"=>"NaN", "goalsfor"=>"0", "goalsagainst"=>"0", "goalsdiff"=>"0", "rank"=>"1", "change"=>"0"}]}, {"teamId"=>"fdf11341-914c-4a67-bd55-07749823deab", "name"=>"Italy", "overall"=>[{"gamesPlayed"=>"0", "wins"=>"0", "losses"=>"0", "draw"=>"0", "points"=>"0", "wpct"=>"NaN", "goalsfor"=>"0", "goalsagainst"=>"0", "goalsdiff"=>"0", "rank"=>"1", "change"=>"0"}]}, {"teamId"=>"6ea57d79-b740-4e32-b135-474dd53db2df", "name"=>"Uruguay", "overall"=>[{"gamesPlayed"=>"0", "wins"=>"0", "losses"=>"0", "draw"=>"0", "points"=>"0", "wpct"=>"NaN", "goalsfor"=>"0", "goalsagainst"=>"0", "goalsdiff"=>"0", "rank"=>"1", "change"=>"0"}]}]}, {"tournamentId"=>"8af5357f-3a38-46b2-83f8-0dcc1a183294", "tournamentName"=>"World Cup, Group E", "teams"=>[{"teamId"=>"221a5554-3961-426d-ae64-76061bceeeba", "name"=>"Ecuador", "overall"=>[{"gamesPlayed"=>"0", "wins"=>"0", "losses"=>"0", "draw"=>"0", "points"=>"0", "wpct"=>"NaN", "goalsfor"=>"0", "goalsagainst"=>"0", "goalsdiff"=>"0", "rank"=>"1", "change"=>"0"}]}, {"teamId"=>"9c5d9f4f-0c03-40b7-a7a0-3948b70d6554", "name"=>"France", "overall"=>[{"gamesPlayed"=>"0", "wins"=>"0", "losses"=>"0", "draw"=>"0", "points"=>"0", "wpct"=>"NaN", "goalsfor"=>"0", "goalsagainst"=>"0", "goalsdiff"=>"0", "rank"=>"1", "change"=>"0"}]}, {"teamId"=>"f68fcef3-42f2-4031-983e-81c0b79801d5", "name"=>"Honduras", "overall"=>[{"gamesPlayed"=>"0", "wins"=>"0", "losses"=>"0", "draw"=>"0", "points"=>"0", "wpct"=>"NaN", "goalsfor"=>"0", "goalsagainst"=>"0", "goalsdiff"=>"0", "rank"=>"1", "change"=>"0"}]}, {"teamId"=>"45f3d732-c627-40cc-ae79-160a581876ca", "name"=>"Switzerland", "overall"=>[{"gamesPlayed"=>"0", "wins"=>"0", "losses"=>"0", "draw"=>"0", "points"=>"0", "wpct"=>"NaN", "goalsfor"=>"0", "goalsagainst"=>"0", "goalsdiff"=>"0", "rank"=>"1", "change"=>"0"}]}]}, {"tournamentId"=>"bd395852-e5f3-4c55-a678-3e5184a77b6b", "tournamentName"=>"World Cup, Group F", "teams"=>[{"teamId"=>"909737d8-0424-435d-917a-3a05484322b4", "name"=>"Argentina", "overall"=>[{"gamesPlayed"=>"0", "wins"=>"0", "losses"=>"0", "draw"=>"0", "points"=>"0", "wpct"=>"NaN", "goalsfor"=>"0", "goalsagainst"=>"0", "goalsdiff"=>"0", "rank"=>"1", "change"=>"0"}]}, {"teamId"=>"10a13c63-04e3-4f0b-adbf-ba4b6fce3d2c", "name"=>"Bosnia &amp; Herzegovina", "overall"=>[{"gamesPlayed"=>"0", "wins"=>"0", "losses"=>"0", "draw"=>"0", "points"=>"0", "wpct"=>"NaN", "goalsfor"=>"0", "goalsagainst"=>"0", "goalsdiff"=>"0", "rank"=>"1", "change"=>"0"}]}, {"teamId"=>"1f395131-4c51-4ecf-8b7b-7a7502232310", "name"=>"Iran", "overall"=>[{"gamesPlayed"=>"0", "wins"=>"0", "losses"=>"0", "draw"=>"0", "points"=>"0", "wpct"=>"NaN", "goalsfor"=>"0", "goalsagainst"=>"0", "goalsdiff"=>"0", "rank"=>"1", "change"=>"0"}]}, {"teamId"=>"f52b6f82-1dfe-44cf-92bd-67e4104d5b0d", "name"=>"Nigeria", "overall"=>[{"gamesPlayed"=>"0", "wins"=>"0", "losses"=>"0", "draw"=>"0", "points"=>"0", "wpct"=>"NaN", "goalsfor"=>"0", "goalsagainst"=>"0", "goalsdiff"=>"0", "rank"=>"1", "change"=>"0"}]}]}, {"tournamentId"=>"f60c1a8b-fa39-4b7c-a653-4f23e351b6da", "tournamentName"=>"World Cup, Group G", "teams"=>[{"teamId"=>"686950a8-4f89-4ed2-a32b-f0a564660859", "name"=>"Germany", "overall"=>[{"gamesPlayed"=>"0", "wins"=>"0", "losses"=>"0", "draw"=>"0", "points"=>"0", "wpct"=>"NaN", "goalsfor"=>"0", "goalsagainst"=>"0", "goalsdiff"=>"0", "rank"=>"1", "change"=>"0"}]}, {"teamId"=>"9fe2410e-fa8c-4466-9926-ce8a71bf8020", "name"=>"Ghana", "overall"=>[{"gamesPlayed"=>"0", "wins"=>"0", "losses"=>"0", "draw"=>"0", "points"=>"0", "wpct"=>"NaN", "goalsfor"=>"0", "goalsagainst"=>"0", "goalsdiff"=>"0", "rank"=>"1", "change"=>"0"}]}, {"teamId"=>"d49ecca2-07bc-417f-bf19-e653c81e07e3", "name"=>"Portugal", "overall"=>[{"gamesPlayed"=>"0", "wins"=>"0", "losses"=>"0", "draw"=>"0", "points"=>"0", "wpct"=>"NaN", "goalsfor"=>"0", "goalsagainst"=>"0", "goalsdiff"=>"0", "rank"=>"1", "change"=>"0"}]}, {"teamId"=>"79a99f09-13ca-45c4-b3f0-2a61f94e0651", "name"=>"USA", "overall"=>[{"gamesPlayed"=>"0", "wins"=>"0", "losses"=>"0", "draw"=>"0", "points"=>"0", "wpct"=>"NaN", "goalsfor"=>"0", "goalsagainst"=>"0", "goalsdiff"=>"0", "rank"=>"1", "change"=>"0"}]}]}, {"tournamentId"=>"f21062b5-f255-4df8-946b-a402e9e3d0d9", "tournamentName"=>"World Cup, Group H", "teams"=>[{"teamId"=>"c103019c-cedb-48ba-a6a6-8b46926bf4cd", "name"=>"Algeria", "overall"=>[{"gamesPlayed"=>"0", "wins"=>"0", "losses"=>"0", "draw"=>"0", "points"=>"0", "wpct"=>"NaN", "goalsfor"=>"0", "goalsagainst"=>"0", "goalsdiff"=>"0", "rank"=>"1", "change"=>"0"}]}, {"teamId"=>"e56a79d1-d65c-4e8c-8ce2-e87744220812", "name"=>"Belgium", "overall"=>[{"gamesPlayed"=>"0", "wins"=>"0", "losses"=>"0", "draw"=>"0", "points"=>"0", "wpct"=>"NaN", "goalsfor"=>"0", "goalsagainst"=>"0", "goalsdiff"=>"0", "rank"=>"1", "change"=>"0"}]}, {"teamId"=>"48b3da4c-4de4-44d7-beca-daceccfa51a1", "name"=>"Russia", "overall"=>[{"gamesPlayed"=>"0", "wins"=>"0", "losses"=>"0", "draw"=>"0", "points"=>"0", "wpct"=>"NaN", "goalsfor"=>"0", "goalsagainst"=>"0", "goalsdiff"=>"0", "rank"=>"1", "change"=>"0"}]}, {"teamId"=>"76ae54ed-2efb-4e78-bc26-06a9edf67be6", "name"=>"South Korea", "overall"=>[{"gamesPlayed"=>"0", "wins"=>"0", "losses"=>"0", "draw"=>"0", "points"=>"0", "wpct"=>"NaN", "goalsfor"=>"0", "goalsagainst"=>"0", "goalsdiff"=>"0", "rank"=>"1", "change"=>"0"}]}]}]}]}]}
[{"tournamentId"=>"43462e5c-730c-4353-803f-e3b2255ac38f", "tournamentName"=>"World Cup, Group A", "teams"=>[{"teamId"=>"8b2154a5-d837-451b-a7f1-8cf06cfaa2ff", "name"=>"Brazil", "overall"=>[{"gamesPlayed"=>"0", "wins"=>"0", "losses"=>"0", "draw"=>"0", "points"=>"0", "wpct"=>"NaN", "goalsfor"=>"0", "goalsagainst"=>"0", "goalsdiff"=>"0", "rank"=>"1", "change"=>"0"}]}, {"teamId"=>"9947cfb1-6a86-4f8f-9330-9b21af2553ff", "name"=>"Cameroon", "overall"=>[{"gamesPlayed"=>"0", "wins"=>"0", "losses"=>"0", "draw"=>"0", "points"=>"0", "wpct"=>"NaN", "goalsfor"=>"0", "goalsagainst"=>"0", "goalsdiff"=>"0", "rank"=>"1", "change"=>"0"}]}, {"teamId"=>"4305ef43-d8e4-401b-916f-9a32cbcc9ade", "name"=>"Croatia", "overall"=>[{"gamesPlayed"=>"0", "wins"=>"0", "losses"=>"0", "draw"=>"0", "points"=>"0", "wpct"=>"NaN", "goalsfor"=>"0", "goalsagainst"=>"0", "goalsdiff"=>"0", "rank"=>"1", "change"=>"0"}]}, {"teamId"=>"0d6a26e4-3afa-49d7-bc95-61536650fbdd", "name"=>"Mexico", "overall"=>[{"gamesPlayed"=>"0", "wins"=>"0", "losses"=>"0", "draw"=>"0", "points"=>"0", "wpct"=>"NaN", "goalsfor"=>"0", "goalsagainst"=>"0", "goalsdiff"=>"0", "rank"=>"1", "change"=>"0"}]}]}, {"tournamentId"=>"ec3d8d28-a8f8-43bd-9dab-ddbf50089b99", "tournamentName"=>"World Cup, Group B", "teams"=>[{"teamId"=>"1db0a670-8394-49f4-9049-d0ef1dfdce12", "name"=>"Australia", "overall"=>[{"gamesPlayed"=>"0", "wins"=>"0", "losses"=>"0", "draw"=>"0", "points"=>"0", "wpct"=>"NaN", "goalsfor"=>"0", "goalsagainst"=>"0", "goalsdiff"=>"0", "rank"=>"1", "change"=>"0"}]}, {"teamId"=>"32bd8a9f-9334-41c2-81b1-7ccbe15356f0", "name"=>"Chile", "overall"=>[{"gamesPlayed"=>"0", "wins"=>"0", "losses"=>"0", "draw"=>"0", "points"=>"0", "wpct"=>"NaN", "goalsfor"=>"0", "goalsagainst"=>"0", "goalsdiff"=>"0", "rank"=>"1", "change"=>"0"}]}, {"teamId"=>"ba9f498e-de99-4d04-9d58-8cbf633bcdd6", "name"=>"Netherlands", "overall"=>[{"gamesPlayed"=>"0", "wins"=>"0", "losses"=>"0", "draw"=>"0", "points"=>"0", "wpct"=>"NaN", "goalsfor"=>"0", "goalsagainst"=>"0", "goalsdiff"=>"0", "rank"=>"1", "change"=>"0"}]}, {"teamId"=>"7ed29820-2a75-4440-a7ab-3fb004887f44", "name"=>"Spain", "overall"=>[{"gamesPlayed"=>"0", "wins"=>"0", "losses"=>"0", "draw"=>"0", "points"=>"0", "wpct"=>"NaN", "goalsfor"=>"0", "goalsagainst"=>"0", "goalsdiff"=>"0", "rank"=>"1", "change"=>"0"}]}]}, {"tournamentId"=>"17cca73b-821e-4e49-9878-2afbec69e087", "tournamentName"=>"World Cup, Group C", "teams"=>[{"teamId"=>"42fafe63-cc2f-40c2-a196-b5cc6dbdfa87", "name"=>"Colombia", "overall"=>[{"gamesPlayed"=>"0", "wins"=>"0", "losses"=>"0", "draw"=>"0", "points"=>"0", "wpct"=>"NaN", "goalsfor"=>"0", "goalsagainst"=>"0", "goalsdiff"=>"0", "rank"=>"1", "change"=>"0"}]}, {"teamId"=>"56915cf9-6045-49c9-aba1-4e7691f23cce", "name"=>"Greece", "overall"=>[{"gamesPlayed"=>"0", "wins"=>"0", "losses"=>"0", "draw"=>"0", "points"=>"0", "wpct"=>"NaN", "goalsfor"=>"0", "goalsagainst"=>"0", "goalsdiff"=>"0", "rank"=>"1", "change"=>"0"}]}, {"teamId"=>"0bca6ba8-1ff0-411c-90e6-203b0d38ab96", "name"=>"Ivory Coast", "overall"=>[{"gamesPlayed"=>"0", "wins"=>"0", "losses"=>"0", "draw"=>"0", "points"=>"0", "wpct"=>"NaN", "goalsfor"=>"0", "goalsagainst"=>"0", "goalsdiff"=>"0", "rank"=>"1", "change"=>"0"}]}, {"teamId"=>"d7a081db-1427-4144-ae22-94e8d24b1139", "name"=>"Japan", "overall"=>[{"gamesPlayed"=>"0", "wins"=>"0", "losses"=>"0", "draw"=>"0", "points"=>"0", "wpct"=>"NaN", "goalsfor"=>"0", "goalsagainst"=>"0", "goalsdiff"=>"0", "rank"=>"1", "change"=>"0"}]}]}, {"tournamentId"=>"faa645e0-2fb7-4c7f-8ce3-1f419368844d", "tournamentName"=>"World Cup, Group D", "teams"=>[{"teamId"=>"9a48caf7-0a32-4742-89c5-1d7af11bfffb", "name"=>"Costa Rica", "overall"=>[{"gamesPlayed"=>"0", "wins"=>"0", "losses"=>"0", "draw"=>"0", "points"=>"0", "wpct"=>"NaN", "goalsfor"=>"0", "goalsagainst"=>"0", "goalsdiff"=>"0", "rank"=>"1", "change"=>"0"}]}, {"teamId"=>"c655b728-adf8-4a6b-a091-f36765d518b3", "name"=>"England", "overall"=>[{"gamesPlayed"=>"0", "wins"=>"0", "losses"=>"0", "draw"=>"0", "points"=>"0", "wpct"=>"NaN", "goalsfor"=>"0", "goalsagainst"=>"0", "goalsdiff"=>"0", "rank"=>"1", "change"=>"0"}]}, {"teamId"=>"fdf11341-914c-4a67-bd55-07749823deab", "name"=>"Italy", "overall"=>[{"gamesPlayed"=>"0", "wins"=>"0", "losses"=>"0", "draw"=>"0", "points"=>"0", "wpct"=>"NaN", "goalsfor"=>"0", "goalsagainst"=>"0", "goalsdiff"=>"0", "rank"=>"1", "change"=>"0"}]}, {"teamId"=>"6ea57d79-b740-4e32-b135-474dd53db2df", "name"=>"Uruguay", "overall"=>[{"gamesPlayed"=>"0", "wins"=>"0", "losses"=>"0", "draw"=>"0", "points"=>"0", "wpct"=>"NaN", "goalsfor"=>"0", "goalsagainst"=>"0", "goalsdiff"=>"0", "rank"=>"1", "change"=>"0"}]}]}, {"tournamentId"=>"8af5357f-3a38-46b2-83f8-0dcc1a183294", "tournamentName"=>"World Cup, Group E", "teams"=>[{"teamId"=>"221a5554-3961-426d-ae64-76061bceeeba", "name"=>"Ecuador", "overall"=>[{"gamesPlayed"=>"0", "wins"=>"0", "losses"=>"0", "draw"=>"0", "points"=>"0", "wpct"=>"NaN", "goalsfor"=>"0", "goalsagainst"=>"0", "goalsdiff"=>"0", "rank"=>"1", "change"=>"0"}]}, {"teamId"=>"9c5d9f4f-0c03-40b7-a7a0-3948b70d6554", "name"=>"France", "overall"=>[{"gamesPlayed"=>"0", "wins"=>"0", "losses"=>"0", "draw"=>"0", "points"=>"0", "wpct"=>"NaN", "goalsfor"=>"0", "goalsagainst"=>"0", "goalsdiff"=>"0", "rank"=>"1", "change"=>"0"}]}, {"teamId"=>"f68fcef3-42f2-4031-983e-81c0b79801d5", "name"=>"Honduras", "overall"=>[{"gamesPlayed"=>"0", "wins"=>"0", "losses"=>"0", "draw"=>"0", "points"=>"0", "wpct"=>"NaN", "goalsfor"=>"0", "goalsagainst"=>"0", "goalsdiff"=>"0", "rank"=>"1", "change"=>"0"}]}, {"teamId"=>"45f3d732-c627-40cc-ae79-160a581876ca", "name"=>"Switzerland", "overall"=>[{"gamesPlayed"=>"0", "wins"=>"0", "losses"=>"0", "draw"=>"0", "points"=>"0", "wpct"=>"NaN", "goalsfor"=>"0", "goalsagainst"=>"0", "goalsdiff"=>"0", "rank"=>"1", "change"=>"0"}]}]}, {"tournamentId"=>"bd395852-e5f3-4c55-a678-3e5184a77b6b", "tournamentName"=>"World Cup, Group F", "teams"=>[{"teamId"=>"909737d8-0424-435d-917a-3a05484322b4", "name"=>"Argentina", "overall"=>[{"gamesPlayed"=>"0", "wins"=>"0", "losses"=>"0", "draw"=>"0", "points"=>"0", "wpct"=>"NaN", "goalsfor"=>"0", "goalsagainst"=>"0", "goalsdiff"=>"0", "rank"=>"1", "change"=>"0"}]}, {"teamId"=>"10a13c63-04e3-4f0b-adbf-ba4b6fce3d2c", "name"=>"Bosnia &amp; Herzegovina", "overall"=>[{"gamesPlayed"=>"0", "wins"=>"0", "losses"=>"0", "draw"=>"0", "points"=>"0", "wpct"=>"NaN", "goalsfor"=>"0", "goalsagainst"=>"0", "goalsdiff"=>"0", "rank"=>"1", "change"=>"0"}]}, {"teamId"=>"1f395131-4c51-4ecf-8b7b-7a7502232310", "name"=>"Iran", "overall"=>[{"gamesPlayed"=>"0", "wins"=>"0", "losses"=>"0", "draw"=>"0", "points"=>"0", "wpct"=>"NaN", "goalsfor"=>"0", "goalsagainst"=>"0", "goalsdiff"=>"0", "rank"=>"1", "change"=>"0"}]}, {"teamId"=>"f52b6f82-1dfe-44cf-92bd-67e4104d5b0d", "name"=>"Nigeria", "overall"=>[{"gamesPlayed"=>"0", "wins"=>"0", "losses"=>"0", "draw"=>"0", "points"=>"0", "wpct"=>"NaN", "goalsfor"=>"0", "goalsagainst"=>"0", "goalsdiff"=>"0", "rank"=>"1", "change"=>"0"}]}]}, {"tournamentId"=>"f60c1a8b-fa39-4b7c-a653-4f23e351b6da", "tournamentName"=>"World Cup, Group G", "teams"=>[{"teamId"=>"686950a8-4f89-4ed2-a32b-f0a564660859", "name"=>"Germany", "overall"=>[{"gamesPlayed"=>"0", "wins"=>"0", "losses"=>"0", "draw"=>"0", "points"=>"0", "wpct"=>"NaN", "goalsfor"=>"0", "goalsagainst"=>"0", "goalsdiff"=>"0", "rank"=>"1", "change"=>"0"}]}, {"teamId"=>"9fe2410e-fa8c-4466-9926-ce8a71bf8020", "name"=>"Ghana", "overall"=>[{"gamesPlayed"=>"0", "wins"=>"0", "losses"=>"0", "draw"=>"0", "points"=>"0", "wpct"=>"NaN", "goalsfor"=>"0", "goalsagainst"=>"0", "goalsdiff"=>"0", "rank"=>"1", "change"=>"0"}]}, {"teamId"=>"d49ecca2-07bc-417f-bf19-e653c81e07e3", "name"=>"Portugal", "overall"=>[{"gamesPlayed"=>"0", "wins"=>"0", "losses"=>"0", "draw"=>"0", "points"=>"0", "wpct"=>"NaN", "goalsfor"=>"0", "goalsagainst"=>"0", "goalsdiff"=>"0", "rank"=>"1", "change"=>"0"}]}, {"teamId"=>"79a99f09-13ca-45c4-b3f0-2a61f94e0651", "name"=>"USA", "overall"=>[{"gamesPlayed"=>"0", "wins"=>"0", "losses"=>"0", "draw"=>"0", "points"=>"0", "wpct"=>"NaN", "goalsfor"=>"0", "goalsagainst"=>"0", "goalsdiff"=>"0", "rank"=>"1", "change"=>"0"}]}]}, {"tournamentId"=>"f21062b5-f255-4df8-946b-a402e9e3d0d9", "tournamentName"=>"World Cup, Group H", "teams"=>[{"teamId"=>"c103019c-cedb-48ba-a6a6-8b46926bf4cd", "name"=>"Algeria", "overall"=>[{"gamesPlayed"=>"0", "wins"=>"0", "losses"=>"0", "draw"=>"0", "points"=>"0", "wpct"=>"NaN", "goalsfor"=>"0", "goalsagainst"=>"0", "goalsdiff"=>"0", "rank"=>"1", "change"=>"0"}]}, {"teamId"=>"e56a79d1-d65c-4e8c-8ce2-e87744220812", "name"=>"Belgium", "overall"=>[{"gamesPlayed"=>"0", "wins"=>"0", "losses"=>"0", "draw"=>"0", "points"=>"0", "wpct"=>"NaN", "goalsfor"=>"0", "goalsagainst"=>"0", "goalsdiff"=>"0", "rank"=>"1", "change"=>"0"}]}, {"teamId"=>"48b3da4c-4de4-44d7-beca-daceccfa51a1", "name"=>"Russia", "overall"=>[{"gamesPlayed"=>"0", "wins"=>"0", "losses"=>"0", "draw"=>"0", "points"=>"0", "wpct"=>"NaN", "goalsfor"=>"0", "goalsagainst"=>"0", "goalsdiff"=>"0", "rank"=>"1", "change"=>"0"}]}, {"teamId"=>"76ae54ed-2efb-4e78-bc26-06a9edf67be6", "name"=>"South Korea", "overall"=>[{"gamesPlayed"=>"0", "wins"=>"0", "losses"=>"0", "draw"=>"0", "points"=>"0", "wpct"=>"NaN", "goalsfor"=>"0", "goalsagainst"=>"0", "goalsdiff"=>"0", "rank"=>"1", "change"=>"0"}]}]}]
/Library/Ruby/Gems/1.8/gems/bundler-1.2.1/lib/bundler/dsl.rb:12:in `rescue in evaluate': There was an error in your Gemfile, and Bundler cannot continue. (Bundler::GemfileError)
	from /Library/Ruby/Gems/1.8/gems/bundler-1.2.1/lib/bundler/dsl.rb:6:in `evaluate'
	from /Library/Ruby/Gems/1.8/gems/bundler-1.2.1/lib/bundler/definition.rb:18:in `build'
	from /Library/Ruby/Gems/1.8/gems/bundler-1.2.1/lib/bundler.rb:144:in `definition'
	from /Library/Ruby/Gems/1.8/gems/bundler-1.2.1/lib/bundler.rb:112:in `setup'
	from /Library/Ruby/Gems/1.8/gems/bundler-1.2.1/lib/bundler/setup.rb:17:in `<top (required)>'
	from /System/Library/Frameworks/Ruby.framework/Versions/2.0/usr/lib/ruby/2.0.0/rubygems/core_ext/kernel_require.rb:55:in `require'
	from /System/Library/Frameworks/Ruby.framework/Versions/2.0/usr/lib/ruby/2.0.0/rubygems/core_ext/kernel_require.rb:55:in `require'
/Library/Ruby/Gems/1.8/gems/bundler-1.2.1/lib/bundler/dsl.rb:12:in `rescue in evaluate': There was an error in your Gemfile, and Bundler cannot continue. (Bundler::GemfileError)
	from /Library/Ruby/Gems/1.8/gems/bundler-1.2.1/lib/bundler/dsl.rb:6:in `evaluate'
	from /Library/Ruby/Gems/1.8/gems/bundler-1.2.1/lib/bundler/definition.rb:18:in `build'
	from /Library/Ruby/Gems/1.8/gems/bundler-1.2.1/lib/bundler.rb:144:in `definition'
	from /Library/Ruby/Gems/1.8/gems/bundler-1.2.1/lib/bundler.rb:112:in `setup'
	from /Library/Ruby/Gems/1.8/gems/bundler-1.2.1/lib/bundler/setup.rb:17:in `<top (required)>'
	from /System/Library/Frameworks/Ruby.framework/Versions/2.0/usr/lib/ruby/2.0.0/rubygems/core_ext/kernel_require.rb:55:in `require'
	from /System/Library/Frameworks/Ruby.framework/Versions/2.0/usr/lib/ruby/2.0.0/rubygems/core_ext/kernel_require.rb:55:in `require'
/Library/Ruby/Gems/1.8/gems/bundler-1.2.1/lib/bundler/dsl.rb:12:in `rescue in evaluate': There was an error in your Gemfile, and Bundler cannot continue. (Bundler::GemfileError)
	from /Library/Ruby/Gems/1.8/gems/bundler-1.2.1/lib/bundler/dsl.rb:6:in `evaluate'
	from /Library/Ruby/Gems/1.8/gems/bundler-1.2.1/lib/bundler/definition.rb:18:in `build'
	from /Library/Ruby/Gems/1.8/gems/bundler-1.2.1/lib/bundler.rb:144:in `definition'
	from /Library/Ruby/Gems/1.8/gems/bundler-1.2.1/lib/bundler.rb:112:in `setup'
	from /Library/Ruby/Gems/1.8/gems/bundler-1.2.1/lib/bundler/setup.rb:17:in `<top (required)>'
	from /System/Library/Frameworks/Ruby.framework/Versions/2.0/usr/lib/ruby/2.0.0/rubygems/core_ext/kernel_require.rb:55:in `require'
	from /System/Library/Frameworks/Ruby.framework/Versions/2.0/usr/lib/ruby/2.0.0/rubygems/core_ext/kernel_require.rb:55:in `require'
/Library/Ruby/Gems/1.8/gems/bundler-1.2.1/lib/bundler/dsl.rb:12:in `rescue in evaluate': There was an error in your Gemfile, and Bundler cannot continue. (Bundler::GemfileError)
	from /Library/Ruby/Gems/1.8/gems/bundler-1.2.1/lib/bundler/dsl.rb:6:in `evaluate'
	from /Library/Ruby/Gems/1.8/gems/bundler-1.2.1/lib/bundler/definition.rb:18:in `build'
	from /Library/Ruby/Gems/1.8/gems/bundler-1.2.1/lib/bundler.rb:144:in `definition'
	from /Library/Ruby/Gems/1.8/gems/bundler-1.2.1/lib/bundler.rb:112:in `setup'
	from /Library/Ruby/Gems/1.8/gems/bundler-1.2.1/lib/bundler/setup.rb:17:in `<top (required)>'
	from /System/Library/Frameworks/Ruby.framework/Versions/2.0/usr/lib/ruby/2.0.0/rubygems/core_ext/kernel_require.rb:55:in `require'
	from /System/Library/Frameworks/Ruby.framework/Versions/2.0/usr/lib/ruby/2.0.0/rubygems/core_ext/kernel_require.rb:55:in `require'
/Library/Ruby/Gems/1.8/gems/bundler-1.2.1/lib/bundler/dsl.rb:12:in `rescue in evaluate': There was an error in your Gemfile, and Bundler cannot continue. (Bundler::GemfileError)
	from /Library/Ruby/Gems/1.8/gems/bundler-1.2.1/lib/bundler/dsl.rb:6:in `evaluate'
	from /Library/Ruby/Gems/1.8/gems/bundler-1.2.1/lib/bundler/definition.rb:18:in `build'
	from /Library/Ruby/Gems/1.8/gems/bundler-1.2.1/lib/bundler.rb:144:in `definition'
	from /Library/Ruby/Gems/1.8/gems/bundler-1.2.1/lib/bundler.rb:112:in `setup'
	from /Library/Ruby/Gems/1.8/gems/bundler-1.2.1/lib/bundler/setup.rb:17:in `<top (required)>'
	from /System/Library/Frameworks/Ruby.framework/Versions/2.0/usr/lib/ruby/2.0.0/rubygems/core_ext/kernel_require.rb:55:in `require'
	from /System/Library/Frameworks/Ruby.framework/Versions/2.0/usr/lib/ruby/2.0.0/rubygems/core_ext/kernel_require.rb:55:in `require'
/Library/Ruby/Gems/1.8/gems/bundler-1.2.1/lib/bundler/dsl.rb:12:in `rescue in evaluate': There was an error in your Gemfile, and Bundler cannot continue. (Bundler::GemfileError)
	from /Library/Ruby/Gems/1.8/gems/bundler-1.2.1/lib/bundler/dsl.rb:6:in `evaluate'
	from /Library/Ruby/Gems/1.8/gems/bundler-1.2.1/lib/bundler/definition.rb:18:in `build'
	from /Library/Ruby/Gems/1.8/gems/bundler-1.2.1/lib/bundler.rb:144:in `definition'
	from /Library/Ruby/Gems/1.8/gems/bundler-1.2.1/lib/bundler.rb:112:in `setup'
	from /Library/Ruby/Gems/1.8/gems/bundler-1.2.1/lib/bundler/setup.rb:17:in `<top (required)>'
	from /System/Library/Frameworks/Ruby.framework/Versions/2.0/usr/lib/ruby/2.0.0/rubygems/core_ext/kernel_require.rb:55:in `require'
	from /System/Library/Frameworks/Ruby.framework/Versions/2.0/usr/lib/ruby/2.0.0/rubygems/core_ext/kernel_require.rb:55:in `require'
/Library/Ruby/Gems/1.8/gems/bundler-1.2.1/lib/bundler/dsl.rb:12:in `rescue in evaluate': There was an error in your Gemfile, and Bundler cannot continue. (Bundler::GemfileError)
	from /Library/Ruby/Gems/1.8/gems/bundler-1.2.1/lib/bundler/dsl.rb:6:in `evaluate'
	from /Library/Ruby/Gems/1.8/gems/bundler-1.2.1/lib/bundler/definition.rb:18:in `build'
	from /Library/Ruby/Gems/1.8/gems/bundler-1.2.1/lib/bundler.rb:144:in `definition'
	from /Library/Ruby/Gems/1.8/gems/bundler-1.2.1/lib/bundler.rb:112:in `setup'
	from /Library/Ruby/Gems/1.8/gems/bundler-1.2.1/lib/bundler/setup.rb:17:in `<top (required)>'
	from /System/Library/Frameworks/Ruby.framework/Versions/2.0/usr/lib/ruby/2.0.0/rubygems/core_ext/kernel_require.rb:55:in `require'
	from /System/Library/Frameworks/Ruby.framework/Versions/2.0/usr/lib/ruby/2.0.0/rubygems/core_ext/kernel_require.rb:55:in `require'
